
> @crypto-erp/web@0.0.1 build
> ng build

- Building...

Initial chunk files   | Names                        |  Raw size | Estimated transfer size
chunk-2V2B4KT2.js     | -                            | 176.67 kB |                51.58 kB
chunk-R5763NNK.js     | -                            |  79.49 kB |                19.93 kB
polyfills-OEPZ4W45.js | polyfills                    |  33.71 kB |                11.02 kB
styles-3U56AM64.css   | styles                       |   9.52 kB |                 2.15 kB
main-LBA4D2V2.js      | main                         |   2.22 kB |               953 bytes
chunk-TRXNC6YO.js     | -                            |   1.89 kB |               663 bytes
chunk-35PI25VP.js     | -                            | 618 bytes |               618 bytes
chunk-FXBJWTCM.js     | -                            |  55 bytes |                55 bytes

                      | Initial total                | 304.15 kB |                86.91 kB

Lazy chunk files      | Names                        |  Raw size | Estimated transfer size
chunk-AN4O3LYN.js     | dashboard-component          | 166.16 kB |                48.73 kB
chunk-OE3B74VB.js     | -                            |  41.00 kB |                 8.16 kB
chunk-QZWNIL6V.js     | wallets-list-component       |  17.44 kB |                 4.47 kB
chunk-T6COTKVP.js     | ai-chat-component            |  16.95 kB |                 4.35 kB
chunk-UTMKF6KJ.js     | invoice-form-component       |  13.20 kB |                 3.98 kB
chunk-43DDV2DH.js     | exchanges-list-component     |  12.85 kB |                 3.53 kB
chunk-IIBR5CQY.js     | modelo721-component          |  11.24 kB |                 3.38 kB
chunk-TKFZ3ANM.js     | reports-component            |   8.95 kB |                 2.67 kB
chunk-PD4AHZ74.js     | profile-settings-component   |   7.37 kB |                 2.31 kB
chunk-EUHA7HKE.js     | contacts-list-component      |   7.17 kB |                 2.17 kB
chunk-KFIXOFNI.js     | journal-entry-form-component |   6.97 kB |                 2.41 kB
chunk-5I4ZERXS.js     | invoices-list-component      |   6.35 kB |                 2.18 kB
chunk-5RK22A2X.js     | register-component           |   5.79 kB |                 1.90 kB
chunk-CFL7LNEQ.js     | assets-list-component        |   5.79 kB |                 1.84 kB
chunk-SIFIDTXB.js     | transaction-form-component   |   5.78 kB |                 2.10 kB
...and 17 more lazy chunks files. Use "--verbose" to show all the files.

Output location: C:\Users\feder\OneDrive\Escritorio\Federico-2025\Freelance_projects\crypto-erp\crypto-erp\apps\web\dist\web

Application bundle generation complete. [18.381 seconds]

▲ [WARNING] NG8107: The left side of this optional chain operation does not include 'null' or 'undefined' in its type, therefore the '?.' operator can be replaced with the '.' operator. [plugin angular-compiler]

    src/app/features/crypto/transactions/transactions-list.component.ts:84:45:
      84 │                     <td><strong>{{ tx.asset?.symbol }}</strong></td>
         ╵                                              ~~~~~~


▲ [WARNING] NG8107: The left side of this optional chain operation does not include 'null' or 'undefined' in its type, therefore the '?.' operator can be replaced with the '.' operator. [plugin angular-compiler]

    src/app/features/invoicing/invoices/invoices-list.component.ts:101:44:
      101 │                     <td>{{ invoice.contact?.name }}</td>
          ╵                                             ~~~~


▲ [WARNING] angular:styles/component:scss;2779465dbac0c818720fac5977d9c9daef1975ea90296e518a5f18cb8d2659ac;C:/Users/feder/OneDrive/Escritorio/Federico-2025/Freelance_projects/crypto-erp/crypto-erp/apps/web/src/app/features/ai/chat/ai-chat.component.ts exceeded maximum budget. Budget 4.00 kB was not met by 1.75 kB with a total of 5.75 kB.


▲ [WARNING] angular:styles/component:scss;311aa746384a28074b7520a5994d42c7eac4efc12427cea54fa44e8a0c7b5a1d;C:/Users/feder/OneDrive/Escritorio/Federico-2025/Freelance_projects/crypto-erp/crypto-erp/apps/web/src/app/features/crypto/wallets/wallets-list.component.ts exceeded maximum budget. Budget 4.00 kB was not met by 384 bytes with a total of 4.38 kB.


